CUITS_23_24/Library/Bee/Android/Prj/IL2CPP/Gradle/launcher/build/intermediates/manifest_merge_blame_file/release/manifest-merger-blame-release-report.txt
1<?xml version="1.0" encoding="utf-8"?>
2<manifest xmlns:android="http://schemas.android.com/apk/res/android"
3    package="com.DefaultCompany.CUITS_23_24"
4    android:installLocation="preferExternal"
5    android:versionCode="1"
6    android:versionName="0.1" >
7
8    <uses-sdk
9        android:minSdkVersion="22"
9-->src\main\AndroidManifest.xml
10        android:targetSdkVersion="32" />
10-->src\main\AndroidManifest.xml
11
12    <supports-screens
12-->src\main\AndroidManifest.xml:4:3-163
13        android:anyDensity="true"
13-->src\main\AndroidManifest.xml:4:135-160
14        android:largeScreens="true"
14-->src\main\AndroidManifest.xml:4:78-105
15        android:normalScreens="true"
15-->src\main\AndroidManifest.xml:4:49-77
16        android:smallScreens="true"
16-->src\main\AndroidManifest.xml:4:21-48
17        android:xlargeScreens="true" />
17-->src\main\AndroidManifest.xml:4:106-134
18
19    <uses-permission android:name="android.permission.INTERNET" />
19-->[:unityLibrary] AndroidManifest.xml:10:5-67
19-->[:unityLibrary] AndroidManifest.xml:10:22-64
20
21    <uses-feature android:glEsVersion="0x00030000" />
21-->[:unityLibrary] AndroidManifest.xml:12:5-54
21-->[:unityLibrary] AndroidManifest.xml:12:19-51
22    <uses-feature
22-->[:unityLibrary] AndroidManifest.xml:13:5-15:36
23        android:name="android.hardware.vulkan.version"
23-->[:unityLibrary] AndroidManifest.xml:14:9-55
24        android:required="false" />
24-->[:unityLibrary] AndroidManifest.xml:15:9-33
25    <uses-feature
25-->[:unityLibrary] AndroidManifest.xml:16:5-18:36
26        android:name="android.hardware.touchscreen"
26-->[:unityLibrary] AndroidManifest.xml:17:9-52
27        android:required="false" />
27-->[:unityLibrary] AndroidManifest.xml:18:9-33
28    <uses-feature
28-->[:unityLibrary] AndroidManifest.xml:19:5-21:36
29        android:name="android.hardware.touchscreen.multitouch"
29-->[:unityLibrary] AndroidManifest.xml:20:9-63
30        android:required="false" />
30-->[:unityLibrary] AndroidManifest.xml:21:9-33
31    <uses-feature
31-->[:unityLibrary] AndroidManifest.xml:22:5-24:36
32        android:name="android.hardware.touchscreen.multitouch.distinct"
32-->[:unityLibrary] AndroidManifest.xml:23:9-72
33        android:required="false" />
33-->[:unityLibrary] AndroidManifest.xml:24:9-33
34
35    <uses-permission android:name="com.oculus.permission.HAND_TRACKING" />
35-->[:unityLibrary] AndroidManifest.xml:26:5-75
35-->[:unityLibrary] AndroidManifest.xml:26:22-72
36
37    <uses-feature
37-->[:unityLibrary] AndroidManifest.xml:28:5-30:36
38        android:name="oculus.software.handtracking"
38-->[:unityLibrary] AndroidManifest.xml:29:9-52
39        android:required="False" />
39-->[:unityLibrary] AndroidManifest.xml:30:9-33
40
41    <uses-permission android:name="com.oculus.permission.RENDER_MODEL" />
41-->[:unityLibrary] AndroidManifest.xml:32:5-74
41-->[:unityLibrary] AndroidManifest.xml:32:22-71
42
43    <uses-feature android:name="com.oculus.feature.RENDER_MODEL" />
43-->[:unityLibrary] AndroidManifest.xml:34:5-68
43-->[:unityLibrary] AndroidManifest.xml:34:19-65
44    <uses-feature
44-->[:unityLibrary:xrmanifest.androidlib] AndroidManifest.xml:9:5-12:31
45        android:name="android.hardware.vr.headtracking"
45-->[:unityLibrary:xrmanifest.androidlib] AndroidManifest.xml:10:9-56
46        android:required="true"
46-->[:unityLibrary:xrmanifest.androidlib] AndroidManifest.xml:11:9-32
47        android:version="1" />
47-->[:unityLibrary:xrmanifest.androidlib] AndroidManifest.xml:12:9-28
48
49    <application
49-->src\main\AndroidManifest.xml:3:3-83
50        android:extractNativeLibs="true"
50-->[:unityLibrary] AndroidManifest.xml:36:18-50
51        android:icon="@mipmap/app_icon"
51-->src\main\AndroidManifest.xml:3:49-80
52        android:label="@string/app_name" >
52-->src\main\AndroidManifest.xml:3:16-48
53        <meta-data
53-->[:unityLibrary] AndroidManifest.xml:37:9-39:33
54            android:name="unity.splash-mode"
54-->[:unityLibrary] AndroidManifest.xml:38:13-45
55            android:value="0" />
55-->[:unityLibrary] AndroidManifest.xml:39:13-30
56        <meta-data
56-->[:unityLibrary] AndroidManifest.xml:40:9-42:36
57            android:name="unity.splash-enable"
57-->[:unityLibrary] AndroidManifest.xml:41:13-47
58            android:value="True" />
58-->[:unityLibrary] AndroidManifest.xml:42:13-33
59        <meta-data
59-->[:unityLibrary] AndroidManifest.xml:43:9-45:36
60            android:name="unity.launch-fullscreen"
60-->[:unityLibrary] AndroidManifest.xml:44:13-51
61            android:value="True" />
61-->[:unityLibrary] AndroidManifest.xml:45:13-33
62        <meta-data
62-->[:unityLibrary] AndroidManifest.xml:46:9-48:37
63            android:name="unity.allow-resizable-window"
63-->[:unityLibrary] AndroidManifest.xml:47:13-56
64            android:value="False" />
64-->[:unityLibrary] AndroidManifest.xml:48:13-34
65        <meta-data
65-->[:unityLibrary] AndroidManifest.xml:49:9-51:50
66            android:name="notch.config"
66-->[:unityLibrary] AndroidManifest.xml:50:13-40
67            android:value="portrait|landscape" />
67-->[:unityLibrary] AndroidManifest.xml:51:13-47
68        <meta-data
68-->[:unityLibrary] AndroidManifest.xml:52:9-54:36
69            android:name="unity.auto-report-fully-drawn"
69-->[:unityLibrary] AndroidManifest.xml:53:13-57
70            android:value="true" />
70-->[:unityLibrary] AndroidManifest.xml:54:13-33
71
72        <activity
72-->[:unityLibrary] AndroidManifest.xml:56:9-79:20
73            android:name="com.unity3d.player.UnityPlayerActivity"
73-->[:unityLibrary] AndroidManifest.xml:57:13-66
74            android:configChanges="mcc|mnc|locale|touchscreen|keyboard|keyboardHidden|navigation|orientation|screenLayout|uiMode|screenSize|smallestScreenSize|fontScale|layoutDirection|density"
74-->[:unityLibrary] AndroidManifest.xml:58:13-194
75            android:exported="true"
75-->[:unityLibrary] AndroidManifest.xml:59:13-36
76            android:hardwareAccelerated="false"
76-->[:unityLibrary] AndroidManifest.xml:60:13-48
77            android:launchMode="singleTask"
77-->[:unityLibrary] AndroidManifest.xml:61:13-44
78            android:resizeableActivity="false"
78-->[:unityLibrary] AndroidManifest.xml:62:13-47
79            android:screenOrientation="fullUser"
79-->[:unityLibrary] AndroidManifest.xml:63:13-49
80            android:theme="@style/UnityThemeSelector" >
80-->[:unityLibrary] AndroidManifest.xml:64:13-54
81            <intent-filter>
81-->[:unityLibrary] AndroidManifest.xml:65:13-71:29
82                <category android:name="android.intent.category.LAUNCHER" />
82-->[:unityLibrary] AndroidManifest.xml:66:17-77
82-->[:unityLibrary] AndroidManifest.xml:66:27-74
83
84                <action android:name="android.intent.action.MAIN" />
84-->[:unityLibrary] AndroidManifest.xml:68:17-69
84-->[:unityLibrary] AndroidManifest.xml:68:25-66
85
86                <category android:name="com.oculus.intent.category.VR" />
86-->[:unityLibrary] AndroidManifest.xml:70:17-74
86-->[:unityLibrary] AndroidManifest.xml:70:27-71
87            </intent-filter>
88
89            <meta-data
89-->[:unityLibrary] AndroidManifest.xml:73:13-75:40
90                android:name="unityplayer.UnityActivity"
90-->[:unityLibrary] AndroidManifest.xml:74:17-57
91                android:value="true" />
91-->[:unityLibrary] AndroidManifest.xml:75:17-37
92            <meta-data
92-->[:unityLibrary] AndroidManifest.xml:76:13-78:40
93                android:name="notch_support"
93-->[:unityLibrary] AndroidManifest.xml:77:17-45
94                android:value="true" />
94-->[:unityLibrary] AndroidManifest.xml:78:17-37
95            <meta-data
95-->[:unityLibrary:xrmanifest.androidlib] AndroidManifest.xml:16:13-18:40
96                android:name="com.oculus.vr.focusaware"
96-->[:unityLibrary:xrmanifest.androidlib] AndroidManifest.xml:17:17-56
97                android:value="true" />
97-->[:unityLibrary:xrmanifest.androidlib] AndroidManifest.xml:18:17-37
98        </activity>
99
100        <meta-data
100-->[:unityLibrary] AndroidManifest.xml:81:9-83:36
101            android:name="com.oculus.handtracking.version"
101-->[:unityLibrary] AndroidManifest.xml:82:13-59
102            android:value="V2.0" />
102-->[:unityLibrary] AndroidManifest.xml:83:13-33
103        <meta-data
103-->[:unityLibrary:xrmanifest.androidlib] AndroidManifest.xml:21:9-23:52
104            android:name="com.oculus.supportedDevices"
104-->[:unityLibrary:xrmanifest.androidlib] AndroidManifest.xml:22:13-55
105            android:value="quest|quest2|cambria" />
105-->[:unityLibrary:xrmanifest.androidlib] AndroidManifest.xml:23:13-49
106    </application>
107
108</manifest>